-- Inserting...
Error: Identifier 5d6dc94e3c7734812f051d7b already exist
    at FsAdapter.addInLeaf (/Users/vedanta-krit/Work/SBTree/dist/adapters/methods/addInLeaf.js:8:15)
    at FsAdapter.addInLeaf (/Users/vedanta-krit/Work/SBTree/dist/adapters/FsAdapter.js:81:36)
    at SBFLeaf.insert (/Users/vedanta-krit/Work/SBTree/dist/types/SBFLeaf.js:24:23)
    at SBFRoot.insert (/Users/vedanta-krit/Work/SBTree/dist/types/SBFRoot.js:356:28)
    at SBFTree.insert (/Users/vedanta-krit/Work/SBTree/dist/types/SBFTree.js:84:20)
    at SBTree.insert (/Users/vedanta-krit/Work/SBTree/dist/types/ops/insert.js:52:37)
    at SBTree.insertDocuments (/Users/vedanta-krit/Work/SBTree/dist/types/SBTree.js:190:35)
    at EventEmitter.start (/Users/vedanta-krit/Work/SBTree/dist/examples/fs-usage.js:25:20)
-- Get doc _id : 5d6dc94e3c7734812f051d7b
{
  age: 43,
  country: 'United States',
  email: 'bob@valjean.fr',
  _id: '5d6dc94e3c7734812f051d7b'
}
-- Find : {age:33}
[
  {
    age: 33,
    email: 'basil@valjean.fr',
    country: 'France',
    _id: '5d6dc93a34d1cfc2c45fdc09'
  },
  {
    age: 33,
    email: 'goptnik@dourak.ru',
    country: 'Russia',
    _id: '5d6dc93f6059937716f41eed'
  }
]
-- Find : {email:goptnik@dourak.ru}
[
  {
    age: 33,
    email: 'goptnik@dourak.ru',
    country: 'Russia',
    _id: '5d6dc93f6059937716f41eed'
  }
]
-- Find : {_id:inserted._id}
[
  {
    age: 42,
    email: 'jean.paul@valjean.fr',
    _id: '5ff074786852019edba82811'
  }
]
-- Find : {age:{$gte:44}}
[
  {
    age: 44,
    email: 'phillipe@valjean.fr',
    country: 'France',
    _id: '5d6ded6fcb8d55944c7fc5e6'
  },
  {
    age: 86,
    email: 'charles@valjean.fr',
    country: 'France',
    _id: '5d6ded52666c83c63210d55f'
  }
]
-- Find : {country:{$nin:["France","Belgium", "Russia"]}}
[
  {
    age: 86,
    email: 'charles@valjean.fr',
    country: 'France',
    _id: '5d6ded52666c83c63210d55f'
  },
  {
    age: 26,
    country: 'Greenland',
    email: 'lisa@lesmund.gl',
    canDeliver: true,
    _id: '5ff074776852019edb29c0ec'
  },
  {
    age: 22,
    country: 'United Kingdom',
    email: 'zack@valjean.fr',
    _id: '5d6dc94e3c7734812f051duk'
  },
  {
    age: 43,
    country: 'United States',
    email: 'bob@valjean.fr',
    _id: '5d6dc94e3c7734812f051d7b'
  }
]
-- Find : {country:{$in:['Belgium']}}
[
  {
    age: 29,
    country: 'Belgium',
    email: 'patrick@valjean.fr',
    _id: '5d6dc94e3c7734812f051bel'
  }
]
-- Delete : {country:{$in:['Belgium']}
[
  {
    age: 29,
    country: 'Belgium',
    email: 'patrick@valjean.fr',
    _id: '5d6dc94e3c7734812f051bel'
  }
]
-- Find : {country:{$in:['Belgium']}}
[]
-- Find : {canDeliver:true}
{
  age: 26,
  country: 'Greenland',
  email: 'lisa@lesmund.gl',
  canDeliver: true,
  _id: '5ff074776852019edb29c0ec'
}
-- Replace lisa
[
  {
    age: 27,
    country: 'Greenland',
    email: 'lisa@lesmund.gl',
    _id: '5ff074776852019edb29c0ec',
    isPending: true
  }
]
-- Find : {isPending:true}
[
  {
    age: 27,
    country: 'Greenland',
    email: 'lisa@lesmund.gl',
    _id: '5ff074776852019edb29c0ec',
    isPending: true
  }
]
-- Find : {canDeliver:true}
[]
-- Find : {country:{$in:['Greenland']}}
[
  {
    age: 27,
    country: 'Greenland',
    email: 'lisa@lesmund.gl',
    _id: '5ff074776852019edb29c0ec',
    isPending: true
  }
]
5.744424057 seconds
